{
  "stats": {
    "suites": 1,
    "tests": 2,
    "passes": 1,
    "pending": 0,
    "failures": 1,
    "start": "2025-09-02T06:09:31.535Z",
    "end": "2025-09-02T06:09:50.035Z",
    "duration": 18500,
    "testsRegistered": 2,
    "passPercent": 50,
    "pendingPercent": 0,
    "other": 0,
    "hasOther": false,
    "skipped": 0,
    "hasSkipped": false
  },
  "results": [
    {
      "uuid": "d07b1e03-0a36-438e-9c22-ee1efd55f181",
      "title": "",
      "fullFile": "cypress\\e2e\\tests\\signup.cy.js",
      "file": "cypress\\e2e\\tests\\signup.cy.js",
      "beforeHooks": [],
      "afterHooks": [],
      "tests": [],
      "suites": [
        {
          "uuid": "24cd1e05-aa6d-49e3-aa47-c6d7623375c0",
          "title": "Signup Test Suite",
          "fullFile": "",
          "file": "",
          "beforeHooks": [],
          "afterHooks": [],
          "tests": [
            {
              "title": "Verify sign up a new user successfully",
              "fullTitle": "Signup Test Suite Verify sign up a new user successfully",
              "timedOut": null,
              "duration": 7578,
              "state": "passed",
              "speed": "medium",
              "pass": true,
              "fail": false,
              "pending": false,
              "context": null,
              "code": "signup.registerclick();\nsignup.enterFirstName('Navneet');\nsignup.enterLastName('Singh');\nsignup.enteraddresses('123 Main St');\nsignup.entercity('Springfield');\nsignup.enterstate('IL');\nsignup.enterzipcode('62701');\nsignup.enterphone('+91 9816841938');\nsignup.enterssn('123-45-6789');\nsignup.enterusername('test' + Date.now());\nsignup.enterPassword('Password123');\nsignup.submitForm();\nsignup.verifyRegistrationSuccess();",
              "err": {},
              "uuid": "c4576f5e-773a-4b3e-abcd-f55c4cb0a18f",
              "parentUUID": "24cd1e05-aa6d-49e3-aa47-c6d7623375c0",
              "isHook": false,
              "skipped": false
            },
            {
              "title": "Verify sign up a already exist user and check error",
              "fullTitle": "Signup Test Suite Verify sign up a already exist user and check error",
              "timedOut": null,
              "duration": 10831,
              "state": "failed",
              "speed": null,
              "pass": false,
              "fail": true,
              "pending": false,
              "context": null,
              "code": "signup.registerclick();\nsignup.enterFirstName('Navneet');\nsignup.enterLastName('Singh');\nsignup.enteraddresses('123 Main St');\nsignup.entercity('Springfield');\nsignup.enterstate('IL');\nsignup.enterzipcode('62701');\nsignup.enterphone('+91 9816841938');\nsignup.enterssn('123-45-6789');\nsignup.enterusername('test');\nsignup.enterPassword('root');\nsignup.submitForm();\nsignup.verifyRegistrationErrormessage();",
              "err": {
                "message": "AssertionError: Timed out retrying after 4000ms: Expected to find content: 'This username already exists.' but never did.",
                "estack": "AssertionError: Timed out retrying after 4000ms: Expected to find content: 'This username already exists.' but never did.\n    at Object.verifyErrorMessage (webpack://parabank-cypress/./cypress/e2e/pages/signup.js:17:75)\n    at SignupPage.verifyRegistrationErrormessage (webpack://parabank-cypress/./cypress/e2e/pages/signup.js:69:18)\n    at Context.eval (webpack://parabank-cypress/./cypress/e2e/tests/signup.cy.js:40:11)",
                "diff": null
              },
              "uuid": "e842aa34-6ac2-4dda-9251-cbbb452b15a5",
              "parentUUID": "24cd1e05-aa6d-49e3-aa47-c6d7623375c0",
              "isHook": false,
              "skipped": false
            }
          ],
          "suites": [],
          "passes": [
            "c4576f5e-773a-4b3e-abcd-f55c4cb0a18f"
          ],
          "failures": [
            "e842aa34-6ac2-4dda-9251-cbbb452b15a5"
          ],
          "pending": [],
          "skipped": [],
          "duration": 18409,
          "root": false,
          "rootEmpty": false,
          "_timeout": 2000
        }
      ],
      "passes": [],
      "failures": [],
      "pending": [],
      "skipped": [],
      "duration": 0,
      "root": true,
      "rootEmpty": true,
      "_timeout": 2000
    }
  ],
  "meta": {
    "mocha": {
      "version": "7.2.0"
    },
    "mochawesome": {
      "options": {
        "quiet": false,
        "reportFilename": "mochawesome",
        "saveHtml": true,
        "saveJson": true,
        "consoleReporter": "spec",
        "useInlineDiffs": false,
        "code": true
      },
      "version": "7.1.3"
    },
    "marge": {
      "options": {
        "reportDir": "cypress/reports/mochawesome",
        "overwrite": false,
        "html": true,
        "json": true
      },
      "version": "6.2.0"
    }
  }
}